<?xml version="1.0" encoding="UTF-8"?>
<!-- Generated by org.testng.reporters.JUnitReportReporter -->
<testsuite hostname="LAPTOP-QESHLQ6F" failures="0" tests="1" name="qamavenproj.MavenJava.RestApiTest" time="0.009" errors="0" timestamp="2023-12-14T16:40:47 CST" skipped="0">
  <testcase classname="qamavenproj.MavenJava.RestApiTest" name="ApiTesting" time="0.009"/>
  <system-out/>
</testsuite> <!-- qamavenproj.MavenJava.RestApiTest -->
