<?xml version="1.0" encoding="UTF-8"?>
<!-- Generated by org.testng.reporters.JUnitReportReporter -->
<testsuite hostname="LAPTOP-QESHLQ6F" failures="0" tests="2" name="qamavenproj.MavenJava.SeleniumTest" time="0.009" errors="0" timestamp="2023-12-14T16:41:16 CST" skipped="0">
  <testcase classname="qamavenproj.MavenJava.SeleniumTest" name="BrowserAutomation" time="0.008"/>
  <system-out/>
  <testcase classname="qamavenproj.MavenJava.SeleniumTest" name="WebAutomation" time="0.001"/>
  <system-out/>
</testsuite> <!-- qamavenproj.MavenJava.SeleniumTest -->
